2025-10-28T10:40:03.557188+07:00 geth-server PackageKit: daemon quit
2025-10-28T10:40:03.571734+07:00 geth-server systemd[1]: packagekit.service: Deactivated successfully.
2025-10-28T10:40:09.664472+07:00 geth-server systemd[1]: systemd-timedated.service: Deactivated successfully.
2025-10-28T10:40:10.992339+07:00 geth-server geth[1825]: WARN [10-28|10:40:10.990] Beacon client online, but no consensus updates received in a while. Please fix your beacon client to follow the chain!
2025-10-28T10:40:12.742068+07:00 geth-server rsyslogd[1446]: rsyslogd: cannot connect to 192.168.0.200:514: No route to host [v8.2312.0 try https://www.rsyslog.com/e/2027 ]
2025-10-28T10:40:39.419224+07:00 geth-server systemd[2887]: launchpadlib-cache-clean.service - Clean up old files in the Launchpadlib cache was skipped because of an unmet condition check (ConditionPathExists=/home/geth/.launchpadlib/api.launchpad.net/cache).
2025-10-28T10:40:59.371022+07:00 geth-server systemd[1]: session-6.scope: Deactivated successfully.
2025-10-28T10:40:59.372112+07:00 geth-server systemd[1]: session-6.scope: Consumed 1.491s CPU time.
2025-10-28T10:41:02.404401+07:00 geth-server rsyslogd[1446]: rsyslogd: cannot connect to 192.168.0.200:514: No route to host [v8.2312.0 try https://www.rsyslog.com/e/2027 ]
2025-10-28T10:41:32.938532+07:00 geth-server systemd[1]: Started session-7.scope - Session 7 of User geth.
2025-10-28T10:41:34.830289+07:00 geth-server python3[5551]: ansible-ansible.legacy.setup Invoked with gather_subset=['all'] gather_timeout=10 filter=[] fact_path=/etc/ansible/facts.d
2025-10-28T10:41:36.004690+07:00 geth-server rsyslogd[1446]: rsyslogd: cannot connect to 192.168.0.200:514: No route to host [v8.2312.0 try https://www.rsyslog.com/e/2027 ]
2025-10-28T10:41:36.970406+07:00 geth-server python3[5653]: ansible-ansible.builtin.file Invoked with path=/var/reports/geth-compliance state=directory owner=root group=root mode=0750 recurse=False force=False follow=True modification_time_format=%Y%m%d%H%M.%S access_time_format=%Y%m%d%H%M.%S unsafe_writes=False _original_basename=None _diff_peek=None src=None modification_time=None access_time=None seuser=None serole=None selevel=None setype=None attributes=None
2025-10-28T10:41:37.943552+07:00 geth-server python3[5676]: ansible-ansible.builtin.service_facts Invoked
2025-10-28T10:41:48.822195+07:00 geth-server python3[6267]: ansible-ansible.builtin.setup Invoked with gather_subset=['!all'] gather_timeout=10 filter=[] fact_path=/etc/ansible/facts.d
2025-10-28T10:41:50.063038+07:00 geth-server python3[6323]: ansible-ansible.legacy.command Invoked with executable=/bin/bash _raw_params=for svc in auditd rsyslog fail2ban ssh geth; do#012  systemctl is-active $svc 2>/dev/null || echo "unknown";#012done#012 _uses_shell=True expand_argument_vars=True stdin_add_newline=True strip_empty_ends=True argv=None chdir=None creates=None removes=None stdin=None
2025-10-28T10:41:51.001369+07:00 geth-server python3[6352]: ansible-ansible.legacy.command Invoked with executable=/bin/bash _raw_params=if [ -f /var/log/audit/audit.log ]; then#012  tail -n 100 /var/log/audit/audit.log | sed -e 's/\x1b\[[0-9;]*m//g' > /var/reports/geth-compliance/audit_tail.log#012else#012  echo "no audit.log" > /var/reports/geth-compliance/audit_tail.log#012fi#012 _uses_shell=True expand_argument_vars=True stdin_add_newline=True strip_empty_ends=True argv=None chdir=None creates=None removes=None stdin=None
2025-10-28T10:41:51.887015+07:00 geth-server python3[6378]: ansible-ansible.legacy.command Invoked with executable=/bin/bash _raw_params=if [ -f /var/log/syslog ]; then#012  tail -n 100 /var/log/syslog | sed -e 's/\x1b\[[0-9;]*m//g' > /var/reports/geth-compliance/syslog_tail.log#012else#012  echo "no syslog" > /var/reports/geth-compliance/syslog_tail.log#012fi#012 _uses_shell=True expand_argument_vars=True stdin_add_newline=True strip_empty_ends=True argv=None chdir=None creates=None removes=None stdin=None
2025-10-28T10:41:52.768430+07:00 geth-server python3[6404]: ansible-ansible.legacy.command Invoked with executable=/bin/bash _raw_params=if systemctl list-units --type=service --all | grep -q "^geth.service"; then#012  journalctl -u geth -n 200 --no-pager > /var/reports/geth-compliance/geth_journal.log 2>/dev/null || echo "no journal" > /var/reports/geth-compliance/geth_journal.log#012else#012  echo "geth not installed" > /var/reports/geth-compliance/geth_journal.log#012fi#012 _uses_shell=True expand_argument_vars=True stdin_add_newline=True strip_empty_ends=True argv=None chdir=None creates=None removes=None stdin=None
2025-10-28T10:41:53.938221+07:00 geth-server python3[6430]: ansible-ansible.builtin.stat Invoked with path=/var/backups/geth/backup.log follow=False get_checksum=True get_mime=True get_attributes=True checksum_algorithm=sha1
2025-10-28T10:41:55.173491+07:00 geth-server python3[6455]: ansible-ansible.builtin.find Invoked with paths=['/var/backups/geth'] patterns=['geth_backup_*.tar.gz'] recurse=False age=0 read_whole_file=False file_type=file age_stamp=mtime hidden=False follow=False get_checksum=False use_regex=False exact_mode=True excludes=None contains=None size=None depth=None mode=None
2025-10-28T10:41:56.244394+07:00 geth-server python3[6478]: ansible-ansible.legacy.slurp Invoked with src=/var/reports/geth-compliance/audit_tail.log
2025-10-28T10:41:57.025349+07:00 geth-server python3[6501]: ansible-ansible.legacy.slurp Invoked with src=/var/reports/geth-compliance/syslog_tail.log
2025-10-28T10:41:57.809697+07:00 geth-server python3[6524]: ansible-ansible.legacy.slurp Invoked with src=/var/reports/geth-compliance/geth_journal.log
2025-10-28T10:42:00.337704+07:00 geth-server python3[6547]: ansible-ansible.legacy.stat Invoked with path=/var/reports/geth-compliance/geth_compliance_report_20251028T104148.json follow=False get_checksum=True checksum_algorithm=sha1 get_mime=True get_attributes=True
2025-10-28T10:42:01.071508+07:00 geth-server python3[6561]: ansible-ansible.legacy.copy Invoked with dest=/var/reports/geth-compliance/geth_compliance_report_20251028T104148.json owner=root group=root mode=0640 src=/home/geth/.ansible/tmp/ansible-tmp-1761622919.7014475-4160-258780072834015/source _original_basename=tmpaxpo9q22 follow=False checksum=e51f789b4b27dac82a049cf39bcc405992131fc1 backup=False force=True unsafe_writes=False content=NOT_LOGGING_PARAMETER validate=None directory_mode=None remote_src=None local_follow=None seuser=None serole=None selevel=None setype=None attributes=None
2025-10-28T10:42:02.166446+07:00 geth-server python3[6584]: ansible-ansible.builtin.archive Invoked with path=['/var/reports/geth-compliance/geth_compliance_report_20251028T104148.txt', '/var/reports/geth-compliance/geth_compliance_report_20251028T104148.json', '/var/reports/geth-compliance/audit_tail.log', '/var/reports/geth-compliance/syslog_tail.log', '/var/reports/geth-compliance/geth_journal.log'] dest=/var/reports/geth-compliance/geth_compliance_package_20251028T104148.tar.gz format=gz exclude_path=[] force_archive=False remove=False unsafe_writes=False exclusion_patterns=None mode=None owner=None group=None seuser=None serole=None selevel=None setype=None attributes=None
2025-10-28T10:42:03.040992+07:00 geth-server python3[6607]: ansible-ansible.builtin.find Invoked with paths=['/var/reports/geth-compliance'] patterns=['geth_compliance_*'] age=30d recurse=False read_whole_file=False file_type=file age_stamp=mtime hidden=False follow=False get_checksum=False use_regex=False exact_mode=True excludes=None contains=None size=None depth=None mode=None
2025-10-28T10:42:04.044012+07:00 geth-server python3[6630]: ansible-ansible.legacy.slurp Invoked with src=/var/reports/geth-compliance/geth_compliance_package_20251028T104148.tar.gz
2025-10-28T10:41:55.217948+07:00 geth-server kernel: message repeated 2 times: [ [UFW BLOCK] IN=ens33 OUT= MAC=01:00:5e:00:00:01:90:9a:4a:60:91:b4:08:00 SRC=192.168.0.1 DST=224.0.0.1 LEN=36 TOS=0x00 PREC=0x00 TTL=1 ID=0 DF PROTO=2 ]
2025-10-28T10:42:05.275950+07:00 geth-server kernel: workqueue: blk_mq_run_work_fn hogged CPU for >10000us 7 times, consider switching to WQ_UNBOUND
2025-10-28T10:42:12.810823+07:00 geth-server python3[6651]: ansible-ansible.legacy.command Invoked with _raw_params=ls -lh /var/reports/geth-compliance/ _uses_shell=True expand_argument_vars=True stdin_add_newline=True strip_empty_ends=True argv=None chdir=None executable=None creates=None removes=None stdin=None
2025-10-28T10:42:15.876702+07:00 geth-server rsyslogd[1446]: rsyslogd: cannot connect to 192.168.0.200:514: No route to host [v8.2312.0 try https://www.rsyslog.com/e/2027 ]
2025-10-28T10:43:12.349601+07:00 geth-server systemd[1]: session-7.scope: Deactivated successfully.
2025-10-28T10:43:12.349922+07:00 geth-server systemd[1]: session-7.scope: Consumed 20.649s CPU time.
2025-10-28T10:44:00.287168+07:00 geth-server kernel: [UFW BLOCK] IN=ens33 OUT= MAC=01:00:5e:00:00:01:90:9a:4a:60:91:b4:08:00 SRC=192.168.0.1 DST=224.0.0.1 LEN=36 TOS=0x00 PREC=0x00 TTL=1 ID=0 DF PROTO=2 
2025-10-28T10:44:03.397860+07:00 geth-server rsyslogd[1446]: rsyslogd: cannot connect to 192.168.0.200:514: No route to host [v8.2312.0 try https://www.rsyslog.com/e/2027 ]
2025-10-28T10:45:01.890620+07:00 geth-server CRON[6670]: (root) CMD (command -v debian-sa1 > /dev/null && debian-sa1 1 1)
2025-10-28T10:45:11.039481+07:00 geth-server geth[1825]: WARN [10-28|10:45:11.038] Beacon client online, but no consensus updates received in a while. Please fix your beacon client to follow the chain!
2025-10-28T10:45:14.116426+07:00 geth-server rsyslogd[1446]: rsyslogd: cannot connect to 192.168.0.200:514: No route to host [v8.2312.0 try https://www.rsyslog.com/e/2027 ]
2025-10-28T10:45:41.742414+07:00 geth-server anacron[1876]: Job `cron.weekly' started
2025-10-28T10:45:41.771478+07:00 geth-server anacron[6681]: Updated timestamp for job `cron.weekly' to 2025-10-28
2025-10-28T10:45:41.777870+07:00 geth-server anacron[1876]: Job `cron.weekly' terminated
2025-10-28T10:45:41.778074+07:00 geth-server anacron[1876]: Normal exit (2 jobs run)
2025-10-28T10:45:41.779789+07:00 geth-server systemd[1]: anacron.service: Deactivated successfully.
2025-10-28T10:47:32.893432+07:00 geth-server systemd[1]: Started session-9.scope - Session 9 of User geth.
2025-10-28T10:47:34.160665+07:00 geth-server python3[6750]: ansible-ansible.legacy.command Invoked with _raw_params=ls -ld /var/reports/geth-compliance/ _uses_shell=True expand_argument_vars=True stdin_add_newline=True strip_empty_ends=True argv=None chdir=None executable=None creates=None removes=None stdin=None
2025-10-28T10:47:35.941350+07:00 geth-server rsyslogd[1446]: rsyslogd: cannot connect to 192.168.0.200:514: No route to host [v8.2312.0 try https://www.rsyslog.com/e/2027 ]
2025-10-28T10:48:23.006726+07:00 geth-server python3[6775]: ansible-ansible.legacy.setup Invoked with gather_subset=['all'] gather_timeout=10 filter=[] fact_path=/etc/ansible/facts.d
2025-10-28T10:48:25.115241+07:00 geth-server python3[6877]: ansible-ansible.builtin.file Invoked with path=/var/reports/geth-compliance state=directory owner=root group=root mode=0750 recurse=False force=False follow=True modification_time_format=%Y%m%d%H%M.%S access_time_format=%Y%m%d%H%M.%S unsafe_writes=False _original_basename=None _diff_peek=None src=None modification_time=None access_time=None seuser=None serole=None selevel=None setype=None attributes=None
2025-10-28T10:48:26.181573+07:00 geth-server python3[6900]: ansible-ansible.builtin.service_facts Invoked
2025-10-28T10:48:37.249659+07:00 geth-server python3[7491]: ansible-ansible.builtin.setup Invoked with gather_subset=['!all'] gather_timeout=10 filter=[] fact_path=/etc/ansible/facts.d
2025-10-28T10:48:38.503527+07:00 geth-server python3[7547]: ansible-ansible.legacy.command Invoked with executable=/bin/bash _raw_params=for svc in auditd rsyslog fail2ban ssh geth; do#012  systemctl is-active $svc 2>/dev/null || echo "unknown";#012done#012 _uses_shell=True expand_argument_vars=True stdin_add_newline=True strip_empty_ends=True argv=None chdir=None creates=None removes=None stdin=None
2025-10-28T10:48:39.108196+07:00 geth-server rsyslogd[1446]: rsyslogd: cannot connect to 192.168.0.200:514: No route to host [v8.2312.0 try https://www.rsyslog.com/e/2027 ]
2025-10-28T10:48:39.445440+07:00 geth-server python3[7576]: ansible-ansible.legacy.command Invoked with executable=/bin/bash _raw_params=if [ -f /var/log/audit/audit.log ]; then#012  tail -n 100 /var/log/audit/audit.log | sed -e 's/\x1b\[[0-9;]*m//g' > /var/reports/geth-compliance/audit_tail.log#012else#012  echo "no audit.log" > /var/reports/geth-compliance/audit_tail.log#012fi#012 _uses_shell=True expand_argument_vars=True stdin_add_newline=True strip_empty_ends=True argv=None chdir=None creates=None removes=None stdin=None
2025-10-28T10:48:40.310577+07:00 geth-server python3[7602]: ansible-ansible.legacy.command Invoked with executable=/bin/bash _raw_params=if [ -f /var/log/syslog ]; then#012  tail -n 100 /var/log/syslog | sed -e 's/\x1b\[[0-9;]*m//g' > /var/reports/geth-compliance/syslog_tail.log#012else#012  echo "no syslog" > /var/reports/geth-compliance/syslog_tail.log#012fi#012 _uses_shell=True expand_argument_vars=True stdin_add_newline=True strip_empty_ends=True argv=None chdir=None creates=None removes=None stdin=None
2025-10-28T10:48:41.201450+07:00 geth-server python3[7628]: ansible-ansible.legacy.command Invoked with executable=/bin/bash _raw_params=if systemctl list-units --type=service --all | grep -q "^geth.service"; then#012  journalctl -u geth -n 200 --no-pager > /var/reports/geth-compliance/geth_journal.log 2>/dev/null || echo "no journal" > /var/reports/geth-compliance/geth_journal.log#012else#012  echo "geth not installed" > /var/reports/geth-compliance/geth_journal.log#012fi#012 _uses_shell=True expand_argument_vars=True stdin_add_newline=True strip_empty_ends=True argv=None chdir=None creates=None removes=None stdin=None
2025-10-28T10:48:42.379038+07:00 geth-server python3[7654]: ansible-ansible.builtin.stat Invoked with path=/var/backups/geth/backup.log follow=False get_checksum=True get_mime=True get_attributes=True checksum_algorithm=sha1
2025-10-28T10:48:43.552195+07:00 geth-server python3[7679]: ansible-ansible.builtin.find Invoked with paths=['/var/backups/geth'] patterns=['geth_backup_*.tar.gz'] recurse=False age=0 read_whole_file=False file_type=file age_stamp=mtime hidden=False follow=False get_checksum=False use_regex=False exact_mode=True excludes=None contains=None size=None depth=None mode=None
2025-10-28T10:48:44.593102+07:00 geth-server python3[7702]: ansible-ansible.legacy.slurp Invoked with src=/var/reports/geth-compliance/audit_tail.log
2025-10-28T10:48:45.374448+07:00 geth-server python3[7725]: ansible-ansible.legacy.slurp Invoked with src=/var/reports/geth-compliance/syslog_tail.log
2025-10-28T10:48:46.165463+07:00 geth-server python3[7748]: ansible-ansible.legacy.slurp Invoked with src=/var/reports/geth-compliance/geth_journal.log
2025-10-28T10:48:48.740168+07:00 geth-server python3[7771]: ansible-ansible.legacy.stat Invoked with path=/var/reports/geth-compliance/geth_compliance_report_20251028T104837.json follow=False get_checksum=True checksum_algorithm=sha1 get_mime=True get_attributes=True
2025-10-28T10:48:49.465402+07:00 geth-server python3[7785]: ansible-ansible.legacy.copy Invoked with dest=/var/reports/geth-compliance/geth_compliance_report_20251028T104837.json owner=root group=root mode=0640 src=/home/geth/.ansible/tmp/ansible-tmp-1761623328.1137023-4412-169173265835326/source _original_basename=tmpz6fxoc22 follow=False checksum=c52ef017f01db34e45dd2f08ca0ee6e072ae0fa8 backup=False force=True unsafe_writes=False content=NOT_LOGGING_PARAMETER validate=None directory_mode=None remote_src=None local_follow=None seuser=None serole=None selevel=None setype=None attributes=None
2025-10-28T10:48:50.571381+07:00 geth-server python3[7808]: ansible-ansible.builtin.archive Invoked with path=['/var/reports/geth-compliance/geth_compliance_report_20251028T104837.txt', '/var/reports/geth-compliance/geth_compliance_report_20251028T104837.json', '/var/reports/geth-compliance/audit_tail.log', '/var/reports/geth-compliance/syslog_tail.log', '/var/reports/geth-compliance/geth_journal.log'] dest=/var/reports/geth-compliance/geth_compliance_package_20251028T104837.tar.gz format=gz exclude_path=[] force_archive=False remove=False unsafe_writes=False exclusion_patterns=None mode=None owner=None group=None seuser=None serole=None selevel=None setype=None attributes=None
2025-10-28T10:48:51.424089+07:00 geth-server python3[7831]: ansible-ansible.builtin.find Invoked with paths=['/var/reports/geth-compliance'] patterns=['geth_compliance_*'] age=30d recurse=False read_whole_file=False file_type=file age_stamp=mtime hidden=False follow=False get_checksum=False use_regex=False exact_mode=True excludes=None contains=None size=None depth=None mode=None
2025-10-28T10:48:52.440211+07:00 geth-server python3[7854]: ansible-ansible.legacy.slurp Invoked with src=/var/reports/geth-compliance/geth_compliance_package_20251028T104837.tar.gz
2025-10-28T10:49:32.418861+07:00 geth-server systemd[1]: Starting systemd-tmpfiles-clean.service - Cleanup of Temporary Directories...
2025-10-28T10:49:32.576025+07:00 geth-server systemd[1]: systemd-tmpfiles-clean.service: Deactivated successfully.
2025-10-28T10:49:32.576453+07:00 geth-server systemd[1]: Finished systemd-tmpfiles-clean.service - Cleanup of Temporary Directories.
2025-10-28T10:49:52.368040+07:00 geth-server systemd[1]: session-9.scope: Deactivated successfully.
2025-10-28T10:49:52.368341+07:00 geth-server systemd[1]: session-9.scope: Consumed 20.843s CPU time.
2025-10-28T10:49:55.460713+07:00 geth-server rsyslogd[1446]: rsyslogd: cannot connect to 192.168.0.200:514: No route to host [v8.2312.0 try https://www.rsyslog.com/e/2027 ]
2025-10-28T10:50:11.087540+07:00 geth-server geth[1825]: WARN [10-28|10:50:11.086] Beacon client online, but no consensus updates received in a while. Please fix your beacon client to follow the chain!
2025-10-28T10:50:24.893179+07:00 geth-server systemd[1]: Starting sysstat-collect.service - system activity accounting tool...
2025-10-28T10:50:24.912365+07:00 geth-server systemd[1]: sysstat-collect.service: Deactivated successfully.
2025-10-28T10:50:24.913110+07:00 geth-server systemd[1]: Finished sysstat-collect.service - system activity accounting tool.
2025-10-28T10:50:47.885771+07:00 geth-server systemd[1]: Started session-10.scope - Session 10 of User geth.
2025-10-28T10:50:49.106174+07:00 geth-server python3[7939]: ansible-ansible.legacy.command Invoked with _raw_params=ls -lh /var/reports/geth-compliance/ _uses_shell=True expand_argument_vars=True stdin_add_newline=True strip_empty_ends=True argv=None chdir=None executable=None creates=None removes=None stdin=None
2025-10-28T10:51:36.388771+07:00 geth-server python3[7968]: ansible-ansible.legacy.command Invoked with _raw_params=cat /var/reports/geth-compliance/geth_compliance_report_20251028T104837.json | jq _uses_shell=True expand_argument_vars=True stdin_add_newline=True strip_empty_ends=True argv=None chdir=None executable=None creates=None removes=None stdin=None
2025-10-28T10:51:39.140065+07:00 geth-server rsyslogd[1446]: rsyslogd: cannot connect to 192.168.0.200:514: No route to host [v8.2312.0 try https://www.rsyslog.com/e/2027 ]
2025-10-28T10:52:23.417927+07:00 geth-server python3[7996]: ansible-ansible.legacy.command Invoked with _raw_params=tar -tzf /var/reports/geth-compliance/geth_compliance_package_20251028T104837.tar.gz _uses_shell=True expand_argument_vars=True stdin_add_newline=True strip_empty_ends=True argv=None chdir=None executable=None creates=None removes=None stdin=None
2025-10-28T10:53:23.312671+07:00 geth-server systemd[1]: session-10.scope: Deactivated successfully.
2025-10-28T10:53:23.318661+07:00 geth-server systemd[1]: session-10.scope: Consumed 2.184s CPU time.
2025-10-28T10:53:26.404074+07:00 geth-server rsyslogd[1446]: rsyslogd: cannot connect to 192.168.0.200:514: No route to host [v8.2312.0 try https://www.rsyslog.com/e/2027 ]
2025-10-28T10:55:01.925021+07:00 geth-server CRON[8021]: (root) CMD (command -v debian-sa1 > /dev/null && debian-sa1 1 1)
2025-10-28T10:55:05.028450+07:00 geth-server rsyslogd[1446]: rsyslogd: cannot connect to 192.168.0.200:514: No route to host [v8.2312.0 try https://www.rsyslog.com/e/2027 ]
2025-10-28T10:55:11.131746+07:00 geth-server geth[1825]: WARN [10-28|10:55:11.129] Beacon client online, but no consensus updates received in a while. Please fix your beacon client to follow the chain!
2025-10-28T10:59:43.127221+07:00 geth-server systemd[1]: Started session-12.scope - Session 12 of User geth.
2025-10-28T10:59:44.928153+07:00 geth-server python3[8097]: ansible-ansible.legacy.setup Invoked with gather_subset=['all'] gather_timeout=10 filter=[] fact_path=/etc/ansible/facts.d
2025-10-28T10:59:46.180332+07:00 geth-server rsyslogd[1446]: rsyslogd: cannot connect to 192.168.0.200:514: No route to host [v8.2312.0 try https://www.rsyslog.com/e/2027 ]
2025-10-28T10:59:47.034660+07:00 geth-server python3[8199]: ansible-ansible.builtin.file Invoked with path=/var/reports/geth-compliance state=directory owner=root group=root mode=0750 recurse=False force=False follow=True modification_time_format=%Y%m%d%H%M.%S access_time_format=%Y%m%d%H%M.%S unsafe_writes=False _original_basename=None _diff_peek=None src=None modification_time=None access_time=None seuser=None serole=None selevel=None setype=None attributes=None
2025-10-28T10:59:48.084089+07:00 geth-server python3[8222]: ansible-ansible.builtin.service_facts Invoked
2025-10-28T10:59:59.174040+07:00 geth-server python3[8813]: ansible-ansible.builtin.setup Invoked with gather_subset=['!all'] gather_timeout=10 filter=[] fact_path=/etc/ansible/facts.d
2025-10-28T11:00:00.459207+07:00 geth-server python3[8869]: ansible-ansible.legacy.command Invoked with executable=/bin/bash _raw_params=for svc in auditd rsyslog fail2ban ssh geth; do#012  systemctl is-active $svc 2>/dev/null || echo "unknown";#012done#012 _uses_shell=True expand_argument_vars=True stdin_add_newline=True strip_empty_ends=True argv=None chdir=None creates=None removes=None stdin=None
2025-10-28T11:00:00.503519+07:00 geth-server systemd[1]: Starting sysstat-collect.service - system activity accounting tool...
2025-10-28T11:00:00.530066+07:00 geth-server systemd[1]: sysstat-collect.service: Deactivated successfully.
2025-10-28T11:00:00.530632+07:00 geth-server systemd[1]: Finished sysstat-collect.service - system activity accounting tool.
2025-10-28T11:00:01.452049+07:00 geth-server python3[8901]: ansible-ansible.legacy.command Invoked with executable=/bin/bash _raw_params=if [ -f /var/log/audit/audit.log ]; then#012  tail -n 100 /var/log/audit/audit.log | sed -e 's/\x1b\[[0-9;]*m//g' > /var/reports/geth-compliance/audit_tail.log#012else#012  echo "no audit.log" > /var/reports/geth-compliance/audit_tail.log#012fi#012 _uses_shell=True expand_argument_vars=True stdin_add_newline=True strip_empty_ends=True argv=None chdir=None creates=None removes=None stdin=None
2025-10-28T11:00:02.330063+07:00 geth-server python3[8927]: ansible-ansible.legacy.command Invoked with executable=/bin/bash _raw_params=if [ -f /var/log/syslog ]; then#012  tail -n 100 /var/log/syslog | sed -e 's/\x1b\[[0-9;]*m//g' > /var/reports/geth-compliance/syslog_tail.log#012else#012  echo "no syslog" > /var/reports/geth-compliance/syslog_tail.log#012fi#012 _uses_shell=True expand_argument_vars=True stdin_add_newline=True strip_empty_ends=True argv=None chdir=None creates=None removes=None stdin=None
